<?xml version="1.0" encoding="UTF-8"?>
<testng-results skipped="0" failed="0" ignored="0" total="1" passed="1">
  <reporter-output>
  </reporter-output>
  <suite name="Default suite" duration-ms="26707" started-at="2020-07-03T08:38:18Z" finished-at="2020-07-03T08:38:44Z">
    <groups>
    </groups>
    <test name="Default test" duration-ms="26707" started-at="2020-07-03T08:38:18Z" finished-at="2020-07-03T08:38:44Z">
      <class name="test.TestCases">
        <test-method status="PASS" signature="test1()[pri:0, instance:test.TestCases@75f9eccc]" name="test1" duration-ms="26683" started-at="2020-07-03T08:38:18Z" finished-at="2020-07-03T08:38:44Z">
          <reporter-output>
          </reporter-output>
        </test-method> <!-- test1 -->
      </class> <!-- test.TestCases -->
    </test> <!-- Default test -->
  </suite> <!-- Default suite -->
</testng-results>
