<?xml version="1.0" encoding="UTF-8"?>
<testng-results skipped="0" failed="0" ignored="0" total="1" passed="1">
  <reporter-output>
  </reporter-output>
  <suite name="Default suite" duration-ms="12079" started-at="2020-07-06T12:33:26 IST" finished-at="2020-07-06T12:33:38 IST">
    <groups>
    </groups>
    <test name="Default test" duration-ms="12079" started-at="2020-07-06T12:33:26 IST" finished-at="2020-07-06T12:33:38 IST">
      <class name="com.selenium.tests.PositiveTestCases">
        <test-method status="PASS" signature="test1()[pri:0, instance:com.selenium.tests.PositiveTestCases@4f063c0a]" name="test1" duration-ms="12041" started-at="2020-07-06T12:33:26 IST" finished-at="2020-07-06T12:33:38 IST">
          <reporter-output>
          </reporter-output>
        </test-method> <!-- test1 -->
      </class> <!-- com.selenium.tests.PositiveTestCases -->
    </test> <!-- Default test -->
  </suite> <!-- Default suite -->
</testng-results>
